<?xml version="1.0" encoding="UTF-8"?>
<!-- Generated by org.testng.reporters.JUnitReportReporter -->
<testsuite hostname="Ifthekers-MBP" failures="0" tests="1" name="com.jomashop.scripts.Login_Logout" time="12.018" errors="0" timestamp="2022-04-11T15:11:02 EDT" skipped="0">
  <testcase classname="com.jomashop.scripts.Login_Logout" name="Login_LogoutTestCase" time="12.018"/>
  <system-out/>
</testsuite> <!-- com.jomashop.scripts.Login_Logout -->
