<?xml version="1.0" encoding="UTF-8"?>
<!-- Generated by org.testng.reporters.JUnitReportReporter -->
<testsuite hostname="Ifthekers-MBP" failures="0" tests="1" name="ecommerce.onlineShopping.StartBrowser" time="4.898" errors="0" timestamp="2022-03-26T21:52:00 EDT" skipped="0">
  <testcase classname="ecommerce.onlineShopping.StartBrowser" name="testabc" time="4.898"/>
  <system-out/>
</testsuite> <!-- ecommerce.onlineShopping.StartBrowser -->
